{"/Users/alex/work/advanced-tic-tac-toe/src/components/app/app.tsx": {"path":"/Users/alex/work/advanced-tic-tac-toe/src/components/app/app.tsx","all":false,"statementMap":{"0":{"start":{"line":1,"column":0},"end":{"line":1,"column":33}},"2":{"start":{"line":3,"column":0},"end":{"line":3,"column":39}},"3":{"start":{"line":4,"column":0},"end":{"line":4,"column":63}},"5":{"start":{"line":6,"column":0},"end":{"line":6,"column":39}},"7":{"start":{"line":8,"column":0},"end":{"line":8,"column":16}},"8":{"start":{"line":9,"column":0},"end":{"line":9,"column":65}},"10":{"start":{"line":11,"column":0},"end":{"line":11,"column":72}},"11":{"start":{"line":12,"column":0},"end":{"line":12,"column":40}},"13":{"start":{"line":14,"column":0},"end":{"line":14,"column":23}},"14":{"start":{"line":15,"column":0},"end":{"line":15,"column":4}},"16":{"start":{"line":17,"column":0},"end":{"line":17,"column":10}},"17":{"start":{"line":18,"column":0},"end":{"line":18,"column":6}},"18":{"start":{"line":19,"column":0},"end":{"line":19,"column":40}},"19":{"start":{"line":20,"column":0},"end":{"line":20,"column":28}},"20":{"start":{"line":21,"column":0},"end":{"line":21,"column":13}},"21":{"start":{"line":22,"column":0},"end":{"line":22,"column":70}},"23":{"start":{"line":24,"column":0},"end":{"line":24,"column":18}},"24":{"start":{"line":25,"column":0},"end":{"line":25,"column":17}},"25":{"start":{"line":26,"column":0},"end":{"line":26,"column":34}},"26":{"start":{"line":27,"column":0},"end":{"line":27,"column":38}},"27":{"start":{"line":28,"column":0},"end":{"line":28,"column":29}},"28":{"start":{"line":29,"column":0},"end":{"line":29,"column":42}},"30":{"start":{"line":31,"column":0},"end":{"line":31,"column":42}},"31":{"start":{"line":32,"column":0},"end":{"line":32,"column":42}},"32":{"start":{"line":33,"column":0},"end":{"line":33,"column":42}},"33":{"start":{"line":34,"column":0},"end":{"line":34,"column":42}},"34":{"start":{"line":35,"column":0},"end":{"line":35,"column":42}},"35":{"start":{"line":36,"column":0},"end":{"line":36,"column":42}},"36":{"start":{"line":37,"column":0},"end":{"line":37,"column":42}},"37":{"start":{"line":38,"column":0},"end":{"line":38,"column":45}},"38":{"start":{"line":39,"column":0},"end":{"line":39,"column":19}},"39":{"start":{"line":40,"column":0},"end":{"line":40,"column":14}},"40":{"start":{"line":41,"column":0},"end":{"line":41,"column":15}},"41":{"start":{"line":42,"column":0},"end":{"line":42,"column":42}},"42":{"start":{"line":43,"column":0},"end":{"line":43,"column":39}},"43":{"start":{"line":44,"column":0},"end":{"line":44,"column":12}},"44":{"start":{"line":45,"column":0},"end":{"line":45,"column":7}},"46":{"start":{"line":47,"column":0},"end":{"line":47,"column":1}},"48":{"start":{"line":49,"column":0},"end":{"line":49,"column":19}}},"s":{"0":1,"2":1,"3":1,"5":1,"7":10,"8":10,"10":10,"11":4,"13":4,"14":4,"16":10,"17":10,"18":10,"19":10,"20":10,"21":10,"23":10,"24":10,"25":10,"26":10,"27":10,"28":10,"30":10,"31":10,"32":10,"33":10,"34":10,"35":10,"36":10,"37":10,"38":10,"39":10,"40":10,"41":10,"42":10,"43":10,"44":10,"46":10,"48":1},"branchMap":{"0":{"type":"branch","line":8,"loc":{"start":{"line":8,"column":0},"end":{"line":47,"column":1}},"locations":[{"start":{"line":8,"column":0},"end":{"line":47,"column":1}}]},"1":{"type":"branch","line":11,"loc":{"start":{"line":11,"column":26},"end":{"line":15,"column":4}},"locations":[{"start":{"line":11,"column":26},"end":{"line":15,"column":4}}]}},"b":{"0":[10],"1":[4]},"fnMap":{"0":{"name":"App","decl":{"start":{"line":8,"column":0},"end":{"line":47,"column":1}},"loc":{"start":{"line":8,"column":0},"end":{"line":47,"column":1}},"line":8},"1":{"name":"changeBoardSize","decl":{"start":{"line":11,"column":26},"end":{"line":15,"column":4}},"loc":{"start":{"line":11,"column":26},"end":{"line":15,"column":4}},"line":11}},"f":{"0":10,"1":4}}
,"/Users/alex/work/advanced-tic-tac-toe/src/components/board/board.tsx": {"path":"/Users/alex/work/advanced-tic-tac-toe/src/components/board/board.tsx","all":false,"statementMap":{"0":{"start":{"line":1,"column":0},"end":{"line":1,"column":56}},"1":{"start":{"line":2,"column":0},"end":{"line":2,"column":59}},"3":{"start":{"line":4,"column":0},"end":{"line":4,"column":41}},"9":{"start":{"line":10,"column":0},"end":{"line":10,"column":46}},"10":{"start":{"line":11,"column":0},"end":{"line":11,"column":60}},"11":{"start":{"line":12,"column":0},"end":{"line":12,"column":24}},"12":{"start":{"line":13,"column":0},"end":{"line":13,"column":52}},"13":{"start":{"line":14,"column":0},"end":{"line":14,"column":60}},"15":{"start":{"line":16,"column":0},"end":{"line":16,"column":10}},"16":{"start":{"line":17,"column":0},"end":{"line":17,"column":55}},"17":{"start":{"line":18,"column":0},"end":{"line":18,"column":41}},"18":{"start":{"line":19,"column":0},"end":{"line":19,"column":12}},"19":{"start":{"line":20,"column":0},"end":{"line":20,"column":35}},"20":{"start":{"line":21,"column":0},"end":{"line":21,"column":75}},"21":{"start":{"line":22,"column":0},"end":{"line":22,"column":13}},"22":{"start":{"line":23,"column":0},"end":{"line":23,"column":12}},"23":{"start":{"line":24,"column":0},"end":{"line":24,"column":10}},"24":{"start":{"line":25,"column":0},"end":{"line":25,"column":16}},"25":{"start":{"line":26,"column":0},"end":{"line":26,"column":72}},"26":{"start":{"line":27,"column":0},"end":{"line":27,"column":69}},"27":{"start":{"line":28,"column":0},"end":{"line":28,"column":10}},"28":{"start":{"line":29,"column":0},"end":{"line":29,"column":32}},"30":{"start":{"line":31,"column":0},"end":{"line":31,"column":37}},"31":{"start":{"line":32,"column":0},"end":{"line":32,"column":44}},"32":{"start":{"line":33,"column":0},"end":{"line":33,"column":16}},"33":{"start":{"line":34,"column":0},"end":{"line":34,"column":29}},"34":{"start":{"line":35,"column":0},"end":{"line":35,"column":63}},"35":{"start":{"line":36,"column":0},"end":{"line":36,"column":39}},"36":{"start":{"line":37,"column":0},"end":{"line":37,"column":30}},"37":{"start":{"line":38,"column":0},"end":{"line":38,"column":50}},"38":{"start":{"line":39,"column":0},"end":{"line":39,"column":16}},"39":{"start":{"line":40,"column":0},"end":{"line":40,"column":33}},"40":{"start":{"line":41,"column":0},"end":{"line":41,"column":57}},"41":{"start":{"line":42,"column":0},"end":{"line":42,"column":37}},"42":{"start":{"line":43,"column":0},"end":{"line":43,"column":52}},"43":{"start":{"line":44,"column":0},"end":{"line":44,"column":17}},"44":{"start":{"line":45,"column":0},"end":{"line":45,"column":16}},"45":{"start":{"line":46,"column":0},"end":{"line":46,"column":27}},"46":{"start":{"line":47,"column":0},"end":{"line":47,"column":26}},"47":{"start":{"line":48,"column":0},"end":{"line":48,"column":109}},"48":{"start":{"line":49,"column":0},"end":{"line":49,"column":40}},"50":{"start":{"line":51,"column":0},"end":{"line":51,"column":41}},"51":{"start":{"line":52,"column":0},"end":{"line":52,"column":18}},"52":{"start":{"line":53,"column":0},"end":{"line":53,"column":13}},"53":{"start":{"line":54,"column":0},"end":{"line":54,"column":10}},"54":{"start":{"line":55,"column":0},"end":{"line":55,"column":12}},"55":{"start":{"line":56,"column":0},"end":{"line":56,"column":10}},"57":{"start":{"line":58,"column":0},"end":{"line":58,"column":1}}},"s":{"0":1,"1":1,"3":1,"9":1,"10":10,"11":10,"12":10,"13":10,"15":10,"16":10,"17":10,"18":10,"19":10,"20":10,"21":10,"22":10,"23":10,"24":10,"25":10,"26":10,"27":10,"28":10,"30":10,"31":30,"32":90,"33":90,"34":90,"35":90,"36":90,"37":1,"38":1,"39":90,"40":2,"41":2,"42":2,"43":2,"44":2,"45":90,"46":90,"47":90,"48":90,"50":90,"51":90,"52":30,"53":10,"54":10,"55":10,"57":10},"branchMap":{"0":{"type":"branch","line":10,"loc":{"start":{"line":10,"column":7},"end":{"line":58,"column":1}},"locations":[{"start":{"line":10,"column":7},"end":{"line":58,"column":1}}]},"1":{"type":"branch","line":17,"loc":{"start":{"line":17,"column":20},"end":{"line":17,"column":51}},"locations":[{"start":{"line":17,"column":20},"end":{"line":17,"column":51}}]},"2":{"type":"branch","line":17,"loc":{"start":{"line":17,"column":40},"end":{"line":17,"column":55}},"locations":[{"start":{"line":17,"column":40},"end":{"line":17,"column":55}}]},"3":{"type":"branch","line":21,"loc":{"start":{"line":21,"column":38},"end":{"line":21,"column":72}},"locations":[{"start":{"line":21,"column":38},"end":{"line":21,"column":72}}]},"4":{"type":"branch","line":21,"loc":{"start":{"line":21,"column":54},"end":{"line":21,"column":75}},"locations":[{"start":{"line":21,"column":54},"end":{"line":21,"column":75}}]},"5":{"type":"branch","line":31,"loc":{"start":{"line":31,"column":19},"end":{"line":53,"column":13}},"locations":[{"start":{"line":31,"column":19},"end":{"line":53,"column":13}}]},"6":{"type":"branch","line":32,"loc":{"start":{"line":32,"column":18},"end":{"line":52,"column":18}},"locations":[{"start":{"line":32,"column":18},"end":{"line":52,"column":18}}]},"7":{"type":"branch","line":37,"loc":{"start":{"line":37,"column":23},"end":{"line":39,"column":16}},"locations":[{"start":{"line":37,"column":23},"end":{"line":39,"column":16}}]},"8":{"type":"branch","line":40,"loc":{"start":{"line":40,"column":25},"end":{"line":45,"column":16}},"locations":[{"start":{"line":40,"column":25},"end":{"line":45,"column":16}}]},"9":{"type":"branch","line":41,"loc":{"start":{"line":41,"column":30},"end":{"line":41,"column":56}},"locations":[{"start":{"line":41,"column":30},"end":{"line":41,"column":56}}]}},"b":{"0":[10],"1":[3],"2":[7],"3":[2],"4":[8],"5":[30],"6":[90],"7":[1],"8":[2],"9":[1]},"fnMap":{"0":{"name":"Board","decl":{"start":{"line":10,"column":7},"end":{"line":58,"column":1}},"loc":{"start":{"line":10,"column":7},"end":{"line":58,"column":1}},"line":10},"1":{"name":"onClick","decl":{"start":{"line":37,"column":23},"end":{"line":39,"column":16}},"loc":{"start":{"line":37,"column":23},"end":{"line":39,"column":16}},"line":37},"2":{"name":"onKeyDown","decl":{"start":{"line":40,"column":25},"end":{"line":45,"column":16}},"loc":{"start":{"line":40,"column":25},"end":{"line":45,"column":16}},"line":40}},"f":{"0":10,"1":1,"2":2}}
,"/Users/alex/work/advanced-tic-tac-toe/src/components/main/main.tsx": {"path":"/Users/alex/work/advanced-tic-tac-toe/src/components/main/main.tsx","all":false,"statementMap":{"0":{"start":{"line":1,"column":0},"end":{"line":1,"column":35}},"1":{"start":{"line":2,"column":0},"end":{"line":2,"column":46}},"3":{"start":{"line":4,"column":0},"end":{"line":4,"column":29}},"5":{"start":{"line":6,"column":0},"end":{"line":6,"column":32}},"7":{"start":{"line":8,"column":0},"end":{"line":8,"column":52}},"8":{"start":{"line":9,"column":0},"end":{"line":9,"column":14}},"9":{"start":{"line":10,"column":0},"end":{"line":10,"column":11}},"10":{"start":{"line":11,"column":0},"end":{"line":11,"column":16}},"11":{"start":{"line":12,"column":0},"end":{"line":12,"column":2}}},"s":{"0":1,"1":1,"3":1,"5":1,"7":1,"8":1,"9":1,"10":1,"11":1},"branchMap":{},"b":{},"fnMap":{},"f":{}}
,"/Users/alex/work/advanced-tic-tac-toe/src/constants/constants.ts": {"path":"/Users/alex/work/advanced-tic-tac-toe/src/constants/constants.ts","all":false,"statementMap":{"0":{"start":{"line":1,"column":0},"end":{"line":1,"column":36}},"1":{"start":{"line":2,"column":0},"end":{"line":2,"column":30}},"2":{"start":{"line":3,"column":0},"end":{"line":3,"column":9}},"3":{"start":{"line":4,"column":0},"end":{"line":4,"column":9}},"4":{"start":{"line":5,"column":0},"end":{"line":5,"column":12}},"5":{"start":{"line":6,"column":0},"end":{"line":6,"column":2}},"6":{"start":{"line":7,"column":0},"end":{"line":7,"column":28}},"7":{"start":{"line":8,"column":0},"end":{"line":8,"column":29}},"8":{"start":{"line":9,"column":0},"end":{"line":9,"column":13}},"9":{"start":{"line":10,"column":0},"end":{"line":10,"column":15}},"10":{"start":{"line":11,"column":0},"end":{"line":11,"column":2}},"11":{"start":{"line":12,"column":0},"end":{"line":12,"column":27}},"12":{"start":{"line":13,"column":0},"end":{"line":13,"column":3}},"13":{"start":{"line":14,"column":0},"end":{"line":14,"column":29}},"14":{"start":{"line":15,"column":0},"end":{"line":15,"column":29}},"15":{"start":{"line":16,"column":0},"end":{"line":16,"column":29}},"16":{"start":{"line":17,"column":0},"end":{"line":17,"column":4}},"17":{"start":{"line":18,"column":0},"end":{"line":18,"column":3}},"18":{"start":{"line":19,"column":0},"end":{"line":19,"column":29}},"19":{"start":{"line":20,"column":0},"end":{"line":20,"column":29}},"20":{"start":{"line":21,"column":0},"end":{"line":21,"column":29}},"21":{"start":{"line":22,"column":0},"end":{"line":22,"column":4}},"22":{"start":{"line":23,"column":0},"end":{"line":23,"column":3}},"23":{"start":{"line":24,"column":0},"end":{"line":24,"column":29}},"24":{"start":{"line":25,"column":0},"end":{"line":25,"column":29}},"25":{"start":{"line":26,"column":0},"end":{"line":26,"column":29}},"26":{"start":{"line":27,"column":0},"end":{"line":27,"column":4}},"27":{"start":{"line":28,"column":0},"end":{"line":28,"column":2}}},"s":{"0":1,"1":1,"2":1,"3":1,"4":1,"5":1,"6":1,"7":1,"8":1,"9":1,"10":1,"11":1,"12":1,"13":1,"14":1,"15":1,"16":1,"17":1,"18":1,"19":1,"20":1,"21":1,"22":1,"23":1,"24":1,"25":1,"26":1,"27":1},"branchMap":{},"b":{},"fnMap":{},"f":{}}
,"/Users/alex/work/advanced-tic-tac-toe/src/helpers/create-board/create-board.ts": {"path":"/Users/alex/work/advanced-tic-tac-toe/src/helpers/create-board/create-board.ts","all":false,"statementMap":{"5":{"start":{"line":6,"column":0},"end":{"line":6,"column":59}},"6":{"start":{"line":7,"column":0},"end":{"line":7,"column":17}},"7":{"start":{"line":8,"column":0},"end":{"line":8,"column":75}},"8":{"start":{"line":9,"column":0},"end":{"line":9,"column":3}},"10":{"start":{"line":11,"column":0},"end":{"line":11,"column":51}},"11":{"start":{"line":12,"column":0},"end":{"line":12,"column":24}},"13":{"start":{"line":14,"column":0},"end":{"line":14,"column":51}},"14":{"start":{"line":15,"column":0},"end":{"line":15,"column":23}},"15":{"start":{"line":16,"column":0},"end":{"line":16,"column":31}},"16":{"start":{"line":17,"column":0},"end":{"line":17,"column":18}},"17":{"start":{"line":18,"column":0},"end":{"line":18,"column":9}},"18":{"start":{"line":19,"column":0},"end":{"line":19,"column":5}},"20":{"start":{"line":21,"column":0},"end":{"line":21,"column":22}},"21":{"start":{"line":22,"column":0},"end":{"line":22,"column":5}},"22":{"start":{"line":23,"column":0},"end":{"line":23,"column":2}}},"s":{"5":1,"6":2,"7":1,"8":1,"10":1,"11":3,"13":3,"14":9,"15":9,"16":9,"17":9,"18":9,"20":3,"21":1,"22":1},"branchMap":{"0":{"type":"branch","line":6,"loc":{"start":{"line":6,"column":27},"end":{"line":23,"column":2}},"locations":[{"start":{"line":6,"column":27},"end":{"line":23,"column":2}}]},"1":{"type":"branch","line":7,"loc":{"start":{"line":7,"column":16},"end":{"line":23,"column":2}},"locations":[{"start":{"line":7,"column":16},"end":{"line":23,"column":2}}]},"2":{"type":"branch","line":11,"loc":{"start":{"line":11,"column":38},"end":{"line":22,"column":3}},"locations":[{"start":{"line":11,"column":38},"end":{"line":22,"column":3}}]},"3":{"type":"branch","line":14,"loc":{"start":{"line":14,"column":50},"end":{"line":19,"column":5}},"locations":[{"start":{"line":14,"column":50},"end":{"line":19,"column":5}}]}},"b":{"0":[2],"1":[1],"2":[3],"3":[9]},"fnMap":{"0":{"name":"createBoard","decl":{"start":{"line":6,"column":27},"end":{"line":23,"column":2}},"loc":{"start":{"line":6,"column":27},"end":{"line":23,"column":2}},"line":6}},"f":{"0":2}}
,"/Users/alex/work/advanced-tic-tac-toe/src/helpers/get-game-status/get-game-status.ts": {"path":"/Users/alex/work/advanced-tic-tac-toe/src/helpers/get-game-status/get-game-status.ts","all":false,"statementMap":{"0":{"start":{"line":1,"column":0},"end":{"line":1,"column":56}},"3":{"start":{"line":4,"column":0},"end":{"line":4,"column":30}},"4":{"start":{"line":5,"column":0},"end":{"line":5,"column":28}},"5":{"start":{"line":6,"column":0},"end":{"line":6,"column":24}},"6":{"start":{"line":7,"column":0},"end":{"line":7,"column":14}},"7":{"start":{"line":8,"column":0},"end":{"line":8,"column":17}},"8":{"start":{"line":9,"column":0},"end":{"line":9,"column":6}},"9":{"start":{"line":10,"column":0},"end":{"line":10,"column":40}},"10":{"start":{"line":11,"column":0},"end":{"line":11,"column":61}},"13":{"start":{"line":14,"column":0},"end":{"line":14,"column":6}},"14":{"start":{"line":15,"column":0},"end":{"line":15,"column":76}},"15":{"start":{"line":16,"column":0},"end":{"line":16,"column":5}},"16":{"start":{"line":17,"column":0},"end":{"line":17,"column":27}},"17":{"start":{"line":18,"column":0},"end":{"line":18,"column":3}},"19":{"start":{"line":20,"column":0},"end":{"line":20,"column":78}},"20":{"start":{"line":21,"column":0},"end":{"line":21,"column":27}},"21":{"start":{"line":22,"column":0},"end":{"line":22,"column":3}},"23":{"start":{"line":24,"column":0},"end":{"line":24,"column":6}},"24":{"start":{"line":25,"column":0},"end":{"line":25,"column":21}},"25":{"start":{"line":26,"column":0},"end":{"line":26,"column":79}},"26":{"start":{"line":27,"column":0},"end":{"line":27,"column":5}},"27":{"start":{"line":28,"column":0},"end":{"line":28,"column":27}},"28":{"start":{"line":29,"column":0},"end":{"line":29,"column":3}},"30":{"start":{"line":31,"column":0},"end":{"line":31,"column":6}},"31":{"start":{"line":32,"column":0},"end":{"line":32,"column":37}},"32":{"start":{"line":33,"column":0},"end":{"line":33,"column":23}},"33":{"start":{"line":34,"column":0},"end":{"line":34,"column":78}},"34":{"start":{"line":35,"column":0},"end":{"line":35,"column":5}},"35":{"start":{"line":36,"column":0},"end":{"line":36,"column":5}},"36":{"start":{"line":37,"column":0},"end":{"line":37,"column":27}},"37":{"start":{"line":38,"column":0},"end":{"line":38,"column":3}},"39":{"start":{"line":40,"column":0},"end":{"line":40,"column":41}},"40":{"start":{"line":41,"column":0},"end":{"line":41,"column":28}},"41":{"start":{"line":42,"column":0},"end":{"line":42,"column":3}},"42":{"start":{"line":43,"column":0},"end":{"line":43,"column":33}},"43":{"start":{"line":44,"column":0},"end":{"line":44,"column":2}}},"s":{"0":1,"3":1,"4":6,"5":6,"6":6,"7":6,"8":6,"9":6,"10":6,"13":6,"14":6,"15":6,"16":1,"17":1,"19":6,"20":1,"21":1,"23":4,"24":4,"25":4,"26":6,"27":1,"28":1,"30":3,"31":3,"32":2,"33":2,"34":2,"35":6,"36":1,"37":1,"39":6,"40":1,"41":1,"42":1,"43":1},"branchMap":{"0":{"type":"branch","line":4,"loc":{"start":{"line":4,"column":29},"end":{"line":44,"column":2}},"locations":[{"start":{"line":4,"column":29},"end":{"line":44,"column":2}}]},"1":{"type":"branch","line":16,"loc":{"start":{"line":16,"column":4},"end":{"line":18,"column":3}},"locations":[{"start":{"line":16,"column":4},"end":{"line":18,"column":3}}]},"2":{"type":"branch","line":18,"loc":{"start":{"line":18,"column":2},"end":{"line":20,"column":77}},"locations":[{"start":{"line":18,"column":2},"end":{"line":20,"column":77}}]},"3":{"type":"branch","line":20,"loc":{"start":{"line":20,"column":77},"end":{"line":22,"column":3}},"locations":[{"start":{"line":20,"column":77},"end":{"line":22,"column":3}}]},"4":{"type":"branch","line":22,"loc":{"start":{"line":22,"column":2},"end":{"line":26,"column":79}},"locations":[{"start":{"line":22,"column":2},"end":{"line":26,"column":79}}]},"5":{"type":"branch","line":27,"loc":{"start":{"line":27,"column":4},"end":{"line":29,"column":3}},"locations":[{"start":{"line":27,"column":4},"end":{"line":29,"column":3}}]},"6":{"type":"branch","line":29,"loc":{"start":{"line":29,"column":2},"end":{"line":32,"column":37}},"locations":[{"start":{"line":29,"column":2},"end":{"line":32,"column":37}}]},"7":{"type":"branch","line":32,"loc":{"start":{"line":32,"column":33},"end":{"line":35,"column":5}},"locations":[{"start":{"line":32,"column":33},"end":{"line":35,"column":5}}]},"8":{"type":"branch","line":36,"loc":{"start":{"line":36,"column":4},"end":{"line":38,"column":3}},"locations":[{"start":{"line":36,"column":4},"end":{"line":38,"column":3}}]},"9":{"type":"branch","line":38,"loc":{"start":{"line":38,"column":2},"end":{"line":40,"column":40}},"locations":[{"start":{"line":38,"column":2},"end":{"line":40,"column":40}}]},"10":{"type":"branch","line":40,"loc":{"start":{"line":40,"column":40},"end":{"line":44,"column":2}},"locations":[{"start":{"line":40,"column":40},"end":{"line":44,"column":2}}]},"11":{"type":"branch","line":15,"loc":{"start":{"line":15,"column":28},"end":{"line":15,"column":75}},"locations":[{"start":{"line":15,"column":28},"end":{"line":15,"column":75}}]},"12":{"type":"branch","line":20,"loc":{"start":{"line":20,"column":25},"end":{"line":20,"column":74}},"locations":[{"start":{"line":20,"column":25},"end":{"line":20,"column":74}}]},"13":{"type":"branch","line":26,"loc":{"start":{"line":26,"column":23},"end":{"line":26,"column":78}},"locations":[{"start":{"line":26,"column":23},"end":{"line":26,"column":78}}]},"14":{"type":"branch","line":34,"loc":{"start":{"line":34,"column":6},"end":{"line":34,"column":78}},"locations":[{"start":{"line":34,"column":6},"end":{"line":34,"column":78}}]}},"b":{"0":[6],"1":[1],"2":[5],"3":[1],"4":[4],"5":[1],"6":[3],"7":[2],"8":[1],"9":[2],"10":[1],"11":[8],"12":[8],"13":[7],"14":[6]},"fnMap":{"0":{"name":"getGameStatus","decl":{"start":{"line":4,"column":29},"end":{"line":44,"column":2}},"loc":{"start":{"line":4,"column":29},"end":{"line":44,"column":2}},"line":4}},"f":{"0":6}}
,"/Users/alex/work/advanced-tic-tac-toe/src/hooks/use-board/use-board.tsx": {"path":"/Users/alex/work/advanced-tic-tac-toe/src/hooks/use-board/use-board.tsx","all":false,"statementMap":{"0":{"start":{"line":1,"column":0},"end":{"line":1,"column":44}},"2":{"start":{"line":3,"column":0},"end":{"line":3,"column":71}},"3":{"start":{"line":4,"column":0},"end":{"line":4,"column":70}},"4":{"start":{"line":5,"column":0},"end":{"line":5,"column":78}},"6":{"start":{"line":7,"column":0},"end":{"line":7,"column":48}},"7":{"start":{"line":8,"column":0},"end":{"line":8,"column":48}},"8":{"start":{"line":9,"column":0},"end":{"line":9,"column":34}},"9":{"start":{"line":10,"column":0},"end":{"line":10,"column":21}},"10":{"start":{"line":11,"column":0},"end":{"line":11,"column":41}},"11":{"start":{"line":12,"column":0},"end":{"line":12,"column":40}},"12":{"start":{"line":13,"column":0},"end":{"line":13,"column":5}},"13":{"start":{"line":14,"column":0},"end":{"line":14,"column":75}},"15":{"start":{"line":16,"column":0},"end":{"line":16,"column":19}},"16":{"start":{"line":17,"column":0},"end":{"line":17,"column":19}},"17":{"start":{"line":18,"column":0},"end":{"line":18,"column":36}},"18":{"start":{"line":19,"column":0},"end":{"line":19,"column":23}},"19":{"start":{"line":20,"column":0},"end":{"line":20,"column":43}},"20":{"start":{"line":21,"column":0},"end":{"line":21,"column":42}},"21":{"start":{"line":22,"column":0},"end":{"line":22,"column":7}},"22":{"start":{"line":23,"column":0},"end":{"line":23,"column":18}},"24":{"start":{"line":25,"column":0},"end":{"line":25,"column":55}},"25":{"start":{"line":26,"column":0},"end":{"line":26,"column":35}},"26":{"start":{"line":27,"column":0},"end":{"line":27,"column":13}},"27":{"start":{"line":28,"column":0},"end":{"line":28,"column":5}},"29":{"start":{"line":30,"column":0},"end":{"line":30,"column":17}},"30":{"start":{"line":31,"column":0},"end":{"line":31,"column":78}},"31":{"start":{"line":32,"column":0},"end":{"line":32,"column":64}},"32":{"start":{"line":33,"column":0},"end":{"line":33,"column":51}},"33":{"start":{"line":34,"column":0},"end":{"line":34,"column":72}},"35":{"start":{"line":36,"column":0},"end":{"line":36,"column":19}},"36":{"start":{"line":37,"column":0},"end":{"line":37,"column":26}},"37":{"start":{"line":38,"column":0},"end":{"line":38,"column":42}},"38":{"start":{"line":39,"column":0},"end":{"line":39,"column":29}},"39":{"start":{"line":40,"column":0},"end":{"line":40,"column":32}},"40":{"start":{"line":41,"column":0},"end":{"line":41,"column":21}},"41":{"start":{"line":42,"column":0},"end":{"line":42,"column":29}},"42":{"start":{"line":43,"column":0},"end":{"line":43,"column":12}},"43":{"start":{"line":44,"column":0},"end":{"line":44,"column":15}},"44":{"start":{"line":45,"column":0},"end":{"line":45,"column":8}},"45":{"start":{"line":46,"column":0},"end":{"line":46,"column":7}},"46":{"start":{"line":47,"column":0},"end":{"line":47,"column":4}},"48":{"start":{"line":49,"column":0},"end":{"line":49,"column":75}},"49":{"start":{"line":50,"column":0},"end":{"line":50,"column":2}}},"s":{"0":1,"2":1,"3":1,"4":1,"6":1,"7":8,"8":8,"9":8,"10":8,"11":8,"12":8,"13":8,"15":8,"16":8,"17":8,"18":8,"19":8,"20":8,"21":8,"22":8,"24":8,"25":5,"26":1,"27":1,"29":4,"30":5,"31":5,"32":5,"33":5,"35":5,"36":5,"37":5,"38":5,"39":5,"40":5,"41":5,"42":5,"43":5,"44":5,"45":5,"46":5,"48":8,"49":8},"branchMap":{"0":{"type":"branch","line":7,"loc":{"start":{"line":7,"column":24},"end":{"line":50,"column":2}},"locations":[{"start":{"line":7,"column":24},"end":{"line":50,"column":2}}]},"1":{"type":"branch","line":16,"loc":{"start":{"line":16,"column":12},"end":{"line":23,"column":5}},"locations":[{"start":{"line":16,"column":12},"end":{"line":23,"column":5}}]},"2":{"type":"branch","line":25,"loc":{"start":{"line":25,"column":21},"end":{"line":47,"column":4}},"locations":[{"start":{"line":25,"column":21},"end":{"line":47,"column":4}}]},"3":{"type":"branch","line":26,"loc":{"start":{"line":26,"column":34},"end":{"line":28,"column":5}},"locations":[{"start":{"line":26,"column":34},"end":{"line":28,"column":5}}]},"4":{"type":"branch","line":28,"loc":{"start":{"line":28,"column":4},"end":{"line":31,"column":44}},"locations":[{"start":{"line":28,"column":4},"end":{"line":31,"column":44}}]},"5":{"type":"branch","line":31,"loc":{"start":{"line":31,"column":40},"end":{"line":31,"column":62}},"locations":[{"start":{"line":31,"column":40},"end":{"line":31,"column":62}}]},"6":{"type":"branch","line":31,"loc":{"start":{"line":31,"column":58},"end":{"line":31,"column":78}},"locations":[{"start":{"line":31,"column":58},"end":{"line":31,"column":78}}]},"7":{"type":"branch","line":32,"loc":{"start":{"line":32,"column":35},"end":{"line":32,"column":62}},"locations":[{"start":{"line":32,"column":35},"end":{"line":32,"column":62}}]}},"b":{"0":[8],"1":[8],"2":[5],"3":[1],"4":[4],"5":[1],"6":[3],"7":[12]},"fnMap":{"0":{"name":"useBoard","decl":{"start":{"line":7,"column":24},"end":{"line":50,"column":2}},"loc":{"start":{"line":7,"column":24},"end":{"line":50,"column":2}},"line":7},"1":{"name":"playSquare","decl":{"start":{"line":25,"column":21},"end":{"line":47,"column":4}},"loc":{"start":{"line":25,"column":21},"end":{"line":47,"column":4}},"line":25}},"f":{"0":8,"1":5}}
}
